Log: 2020-10-23 16:38:59.912747 
	 Mac Address: 00:67:62:52:c3:98 
	 Name in network:  
	 Given name: None 
	 Allowed on network: None
Log: 2020-10-23 16:38:59.912747 
	 Mac Address: 28:16:ad:88:fa:81 
	 Name in network:  
	 Given name: None 
	 Allowed on network: None
Log: 2020-10-23 16:38:59.912747 
	 Mac Address: 9c:b6:d0:21:f1:5b 
	 Name in network:  
	 Given name: None 
	 Allowed on network: None
Log: 2020-10-23 16:38:59.912747 
	 Mac Address: e0:13:b5:16:cf:ab 
	 Name in network:  
	 Given name: None 
	 Allowed on network: None
Log: 2020-10-23 16:38:59.913745 
	 Mac Address: e6:ea:67:a5:e4:07 
	 Name in network:  
	 Given name: None 
	 Allowed on network: None
Log: 2020-10-23 16:38:59.913745 
	 Mac Address: ce:bf:0e:65:15:dc 
	 Name in network:  
	 Given name: None 
	 Allowed on network: None
Log: 2020-10-23 16:38:59.913745 
	 Mac Address: ac:1f:74:0d:52:b5 
	 Name in network:  
	 Given name: None 
	 Allowed on network: None
Log: 2020-10-23 16:38:59.913745 
	 Mac Address: 3c:22:fb:db:a7:8c 
	 Name in network:  
	 Given name: None 
	 Allowed on network: None
Log: 2020-10-23 16:39:52.831575 
	 Mac Address: 00:67:62:52:c3:98 
	 Name in network:  
	 Given name: None 
	 Allowed on network: None
Log: 2020-10-23 16:39:52.831575 
	 Mac Address: 28:16:ad:88:fa:81 
	 Name in network:  
	 Given name: None 
	 Allowed on network: None
Log: 2020-10-23 16:39:52.831575 
	 Mac Address: 9c:b6:d0:21:f1:5b 
	 Name in network:  
	 Given name: None 
	 Allowed on network: None
Log: 2020-10-23 16:39:52.831575 
	 Mac Address: e0:13:b5:16:cf:ab 
	 Name in network:  
	 Given name: None 
	 Allowed on network: None
Log: 2020-10-23 16:39:52.831575 
	 Mac Address: e6:ea:67:a5:e4:07 
	 Name in network:  
	 Given name: None 
	 Allowed on network: None
Log: 2020-10-23 16:39:52.831575 
	 Mac Address: ce:bf:0e:65:15:dc 
	 Name in network:  
	 Given name: None 
	 Allowed on network: None
Log: 2020-10-23 16:39:52.831575 
	 Mac Address: ac:1f:74:0d:52:b5 
	 Name in network:  
	 Given name: None 
	 Allowed on network: None
Log: 2020-10-23 16:39:52.831575 
	 Mac Address: 3c:22:fb:db:a7:8c 
	 Name in network:  
	 Given name: None 
	 Allowed on network: None
Log: 2020-10-23 16:40:59.508572 
	 Mac Address: 00:67:62:52:c3:98 
	 Name in network:  
	 Given name: None 
	 Allowed on network: None
Log: 2020-10-23 16:40:59.508572 
	 Mac Address: 28:16:ad:88:fa:81 
	 Name in network:  
	 Given name: None 
	 Allowed on network: None
Log: 2020-10-23 16:40:59.508572 
	 Mac Address: 9c:b6:d0:21:f1:5b 
	 Name in network:  
	 Given name: None 
	 Allowed on network: None
Log: 2020-10-23 16:40:59.508572 
	 Mac Address: e0:13:b5:16:cf:ab 
	 Name in network:  
	 Given name: None 
	 Allowed on network: None
Log: 2020-10-23 16:40:59.508572 
	 Mac Address: e6:ea:67:a5:e4:07 
	 Name in network:  
	 Given name: None 
	 Allowed on network: None
Log: 2020-10-23 16:40:59.508572 
	 Mac Address: ce:bf:0e:65:15:dc 
	 Name in network:  
	 Given name: None 
	 Allowed on network: None
Log: 2020-10-23 16:40:59.508572 
	 Mac Address: ac:1f:74:0d:52:b5 
	 Name in network:  
	 Given name: None 
	 Allowed on network: None
Log: 2020-10-23 16:40:59.508572 
	 Mac Address: 3c:22:fb:db:a7:8c 
	 Name in network:  
	 Given name: None 
	 Allowed on network: None
Log: 2020-10-23 16:43:20.422192 
	 Mac Address: 00:67:62:52:c3:98 
	 Name in network:  
	 Given name: None 
	 Allowed on network: None
Log: 2020-10-23 16:43:20.422192 
	 Mac Address: 28:16:ad:88:fa:81 
	 Name in network:  
	 Given name: None 
	 Allowed on network: None
Log: 2020-10-23 16:43:20.422192 
	 Mac Address: 9c:b6:d0:21:f1:5b 
	 Name in network:  
	 Given name: None 
	 Allowed on network: None
Log: 2020-10-23 16:43:20.422192 
	 Mac Address: e0:13:b5:16:cf:ab 
	 Name in network:  
	 Given name: None 
	 Allowed on network: None
Log: 2020-10-23 16:43:20.422192 
	 Mac Address: e6:ea:67:a5:e4:07 
	 Name in network:  
	 Given name: None 
	 Allowed on network: None
Log: 2020-10-23 16:43:20.422192 
	 Mac Address: ac:1f:74:0d:52:b5 
	 Name in network:  
	 Given name: None 
	 Allowed on network: None
Log: 2020-10-23 16:43:20.422192 
	 Mac Address: 3c:22:fb:db:a7:8c 
	 Name in network:  
	 Given name: None 
	 Allowed on network: None
Log: 2020-10-23 16:44:17.966575 
	 Mac Address: ce:bf:0e:65:15:dc 
	 Name in network:  
	 Given name: Samsung Galaxy S20 of Jon  
	 Allowed on network: True
Log: 2020-10-23 16:44:17.967604 
	 Mac Address: 00:67:62:52:c3:98 
	 Name in network:  
	 Given name: None 
	 Allowed on network: None
Log: 2020-10-23 16:44:17.967604 
	 Mac Address: 28:16:ad:88:fa:81 
	 Name in network:  
	 Given name: None 
	 Allowed on network: None
Log: 2020-10-23 16:44:17.967604 
	 Mac Address: 9c:b6:d0:21:f1:5b 
	 Name in network:  
	 Given name: None 
	 Allowed on network: None
Log: 2020-10-23 16:44:17.967604 
	 Mac Address: e6:ea:67:a5:e4:07 
	 Name in network:  
	 Given name: None 
	 Allowed on network: None
Log: 2020-10-23 16:44:17.967604 
	 Mac Address: ac:1f:74:0d:52:b5 
	 Name in network:  
	 Given name: None 
	 Allowed on network: None
Log: 2020-10-23 16:44:17.967604 
	 Mac Address: 3c:22:fb:db:a7:8c 
	 Name in network:  
	 Given name: None 
	 Allowed on network: None
Log: 2020-10-23 16:44:35.837046 
	 Mac Address: ce:bf:0e:65:15:dc 
	 Name in network:  
	 Given name: Samsung Galaxy S20 of Jon  
	 Allowed on network: True
Log: 2020-10-23 16:44:35.838053 
	 Mac Address: 00:67:62:52:c3:98 
	 Name in network:  
	 Given name: None 
	 Allowed on network: None
Log: 2020-10-23 16:44:35.838053 
	 Mac Address: 28:16:ad:88:fa:81 
	 Name in network:  
	 Given name: None 
	 Allowed on network: None
Log: 2020-10-23 16:44:35.838053 
	 Mac Address: 9c:b6:d0:21:f1:5b 
	 Name in network:  
	 Given name: None 
	 Allowed on network: None
Log: 2020-10-23 16:44:35.838053 
	 Mac Address: e0:13:b5:16:cf:ab 
	 Name in network:  
	 Given name: None 
	 Allowed on network: None
Log: 2020-10-23 16:44:35.838053 
	 Mac Address: ac:1f:74:0d:52:b5 
	 Name in network:  
	 Given name: None 
	 Allowed on network: None
Log: 2020-10-23 16:44:35.838053 
	 Mac Address: 3c:22:fb:db:a7:8c 
	 Name in network:  
	 Given name: None 
	 Allowed on network: None
